<?xml version="1.0" encoding="UTF-8"?>
<robot generator="Robot 3.1.2 (Python 3.8.1 on win32)" generated="20200131 00:10:15.051" rpa="false">
<suite id="s1" name="TC 001 Register" source="C:\Users\Priyanka\PycharmProjects\DemoApllication\TestCases\TC_001_Register.robot">
<test id="s1-t1" name="Register User">
<kw name="Open Browser Page" library="Resource" type="setup">
<doc>Opens browser to login page</doc>
<kw name="Open Browser" library="SeleniumLibrary">
<doc>Opens a new browser instance to the optional ``url``.</doc>
<arguments>
<arg>${URL}</arg>
<arg>${BROWSER}</arg>
</arguments>
<msg timestamp="20200131 00:10:15.682" level="INFO">Opening browser 'Chrome' to base url 'http://127.0.0.1:5000/'.</msg>
<status status="PASS" starttime="20200131 00:10:15.681" endtime="20200131 00:10:22.767"></status>
</kw>
<status status="PASS" starttime="20200131 00:10:15.679" endtime="20200131 00:10:22.768"></status>
</kw>
<kw name="Click Register" library="Resource">
<kw name="Click Link" library="SeleniumLibrary">
<doc>Clicks a link identified by ``locator``.</doc>
<arguments>
<arg>xpath://a[@href="/register"]</arg>
</arguments>
<msg timestamp="20200131 00:10:22.776" level="INFO">Clicking link 'xpath://a[@href="/register"]'.</msg>
<status status="PASS" starttime="20200131 00:10:22.776" endtime="20200131 00:10:23.095"></status>
</kw>
<kw name="Get Title" library="SeleniumLibrary">
<doc>Returns the title of the current page.</doc>
<assign>
<var>${Title}</var>
</assign>
<msg timestamp="20200131 00:10:23.112" level="INFO">${Title} = Register - Demo App</msg>
<status status="PASS" starttime="20200131 00:10:23.095" endtime="20200131 00:10:23.113"></status>
</kw>
<kw name="Title Should Be" library="SeleniumLibrary">
<doc>Verifies that the current page title equals ``title``.</doc>
<arguments>
<arg>${Title}</arg>
</arguments>
<msg timestamp="20200131 00:10:23.126" level="INFO">Page title is 'Register - Demo App'.</msg>
<status status="PASS" starttime="20200131 00:10:23.113" endtime="20200131 00:10:23.126"></status>
</kw>
<status status="PASS" starttime="20200131 00:10:22.775" endtime="20200131 00:10:23.126"></status>
</kw>
<kw name="verify title" library="Resource">
<kw name="Get Title" library="SeleniumLibrary">
<doc>Returns the title of the current page.</doc>
<assign>
<var>${title}</var>
</assign>
<msg timestamp="20200131 00:10:23.141" level="INFO">${title} = Register - Demo App</msg>
<status status="PASS" starttime="20200131 00:10:23.130" endtime="20200131 00:10:23.143"></status>
</kw>
<kw name="Title Should Be" library="SeleniumLibrary">
<doc>Verifies that the current page title equals ``title``.</doc>
<arguments>
<arg>${title}</arg>
</arguments>
<msg timestamp="20200131 00:10:23.156" level="INFO">Page title is 'Register - Demo App'.</msg>
<status status="PASS" starttime="20200131 00:10:23.143" endtime="20200131 00:10:23.156"></status>
</kw>
<status status="PASS" starttime="20200131 00:10:23.129" endtime="20200131 00:10:23.157"></status>
</kw>
<kw name="Input Username" library="Resource">
<kw name="String Generator" library="UserKeywords">
<assign>
<var>${username}</var>
</assign>
<msg timestamp="20200131 00:10:23.160" level="INFO">${username} = LDGOMDQXOW</msg>
<status status="PASS" starttime="20200131 00:10:23.160" endtime="20200131 00:10:23.161"></status>
</kw>
<kw name="Input Text" library="SeleniumLibrary">
<doc>Types the given ``text`` into the text field identified by ``locator``.</doc>
<arguments>
<arg>id:username</arg>
<arg>${username}</arg>
</arguments>
<msg timestamp="20200131 00:10:23.161" level="INFO">Typing text 'LDGOMDQXOW' into text field 'id:username'.</msg>
<status status="PASS" starttime="20200131 00:10:23.161" endtime="20200131 00:10:23.464"></status>
</kw>
<status status="PASS" starttime="20200131 00:10:23.159" endtime="20200131 00:10:23.464"></status>
</kw>
<kw name="Input Password" library="Resource">
<kw name="String Generator" library="UserKeywords">
<assign>
<var>${password}</var>
</assign>
<msg timestamp="20200131 00:10:23.467" level="INFO">${password} = YQRSGHPERF</msg>
<status status="PASS" starttime="20200131 00:10:23.465" endtime="20200131 00:10:23.467"></status>
</kw>
<kw name="Input Text" library="SeleniumLibrary">
<doc>Types the given ``text`` into the text field identified by ``locator``.</doc>
<arguments>
<arg>id:password</arg>
<arg>${password}</arg>
</arguments>
<msg timestamp="20200131 00:10:23.468" level="INFO">Typing text 'YQRSGHPERF' into text field 'id:password'.</msg>
<status status="PASS" starttime="20200131 00:10:23.467" endtime="20200131 00:10:23.715"></status>
</kw>
<status status="PASS" starttime="20200131 00:10:23.465" endtime="20200131 00:10:23.716"></status>
</kw>
<kw name="Input FirstName" library="Resource">
<kw name="String Generator" library="UserKeywords">
<assign>
<var>${firstname}</var>
</assign>
<msg timestamp="20200131 00:10:23.719" level="INFO">${firstname} = YTEZAGXXAL</msg>
<status status="PASS" starttime="20200131 00:10:23.718" endtime="20200131 00:10:23.719"></status>
</kw>
<kw name="Input Text" library="SeleniumLibrary">
<doc>Types the given ``text`` into the text field identified by ``locator``.</doc>
<arguments>
<arg>id:firstname</arg>
<arg>${firstname}</arg>
</arguments>
<msg timestamp="20200131 00:10:23.719" level="INFO">Typing text 'YTEZAGXXAL' into text field 'id:firstname'.</msg>
<status status="PASS" starttime="20200131 00:10:23.719" endtime="20200131 00:10:24.067"></status>
</kw>
<status status="PASS" starttime="20200131 00:10:23.717" endtime="20200131 00:10:24.067"></status>
</kw>
<kw name="Input LastName" library="Resource">
<kw name="String Generator" library="UserKeywords">
<assign>
<var>${lastname}</var>
</assign>
<msg timestamp="20200131 00:10:24.072" level="INFO">${lastname} = EWXPSIIGZF</msg>
<status status="PASS" starttime="20200131 00:10:24.071" endtime="20200131 00:10:24.072"></status>
</kw>
<kw name="Input Text" library="SeleniumLibrary">
<doc>Types the given ``text`` into the text field identified by ``locator``.</doc>
<arguments>
<arg>id:lastname</arg>
<arg>${lastname}</arg>
</arguments>
<msg timestamp="20200131 00:10:24.073" level="INFO">Typing text 'EWXPSIIGZF' into text field 'id:lastname'.</msg>
<status status="PASS" starttime="20200131 00:10:24.073" endtime="20200131 00:10:24.373"></status>
</kw>
<status status="PASS" starttime="20200131 00:10:24.071" endtime="20200131 00:10:24.373"></status>
</kw>
<kw name="Input PhoneNUmber" library="Resource">
<kw name="String Num Generator" library="UserKeywords">
<assign>
<var>${phonenumber}</var>
</assign>
<msg timestamp="20200131 00:10:24.376" level="INFO">${phonenumber} = 7932822621</msg>
<status status="PASS" starttime="20200131 00:10:24.376" endtime="20200131 00:10:24.376"></status>
</kw>
<kw name="Input Text" library="SeleniumLibrary">
<doc>Types the given ``text`` into the text field identified by ``locator``.</doc>
<arguments>
<arg>id:phone</arg>
<arg>${phonenumber}</arg>
</arguments>
<msg timestamp="20200131 00:10:24.378" level="INFO">Typing text '7932822621' into text field 'id:phone'.</msg>
<status status="PASS" starttime="20200131 00:10:24.376" endtime="20200131 00:10:24.624"></status>
</kw>
<status status="PASS" starttime="20200131 00:10:24.375" endtime="20200131 00:10:24.624"></status>
</kw>
<kw name="Submit Credentials" library="Resource">
<kw name="Click Button" library="SeleniumLibrary">
<doc>Clicks the button identified by ``locator``.</doc>
<arguments>
<arg>xpath://input[@value="Register"]</arg>
</arguments>
<msg timestamp="20200131 00:10:24.629" level="INFO">Clicking button 'xpath://input[@value="Register"]'.</msg>
<status status="PASS" starttime="20200131 00:10:24.624" endtime="20200131 00:10:25.535"></status>
</kw>
<status status="PASS" starttime="20200131 00:10:24.624" endtime="20200131 00:10:25.535"></status>
</kw>
<kw name="verify title" library="Resource">
<kw name="Get Title" library="SeleniumLibrary">
<doc>Returns the title of the current page.</doc>
<assign>
<var>${title}</var>
</assign>
<msg timestamp="20200131 00:10:25.559" level="INFO">${title} = Log In - Demo App</msg>
<status status="PASS" starttime="20200131 00:10:25.543" endtime="20200131 00:10:25.559"></status>
</kw>
<kw name="Title Should Be" library="SeleniumLibrary">
<doc>Verifies that the current page title equals ``title``.</doc>
<arguments>
<arg>${title}</arg>
</arguments>
<msg timestamp="20200131 00:10:25.584" level="INFO">Page title is 'Log In - Demo App'.</msg>
<status status="PASS" starttime="20200131 00:10:25.560" endtime="20200131 00:10:25.584"></status>
</kw>
<status status="PASS" starttime="20200131 00:10:25.542" endtime="20200131 00:10:25.584"></status>
</kw>
<kw name="Close Browser" library="SeleniumLibrary" type="teardown">
<doc>Closes the current browser.</doc>
<status status="PASS" starttime="20200131 00:10:25.586" endtime="20200131 00:10:28.625"></status>
</kw>
<status status="PASS" starttime="20200131 00:10:15.679" endtime="20200131 00:10:28.626" critical="yes"></status>
</test>
<status status="PASS" starttime="20200131 00:10:15.055" endtime="20200131 00:10:28.630"></status>
</suite>
<statistics>
<total>
<stat pass="1" fail="0">Critical Tests</stat>
<stat pass="1" fail="0">All Tests</stat>
</total>
<tag>
</tag>
<suite>
<stat pass="1" fail="0" id="s1" name="TC 001 Register">TC 001 Register</stat>
</suite>
</statistics>
<errors>
</errors>
</robot>
